<?xml version="1.0" encoding="UTF-8"?>
<testsuite xmlns:xsi="http://www.w3.org/2001/XMLSchema-instance" xsi:noNamespaceSchemaLocation="https://maven.apache.org/surefire/maven-surefire-plugin/xsd/surefire-test-report-3.0.xsd" version="3.0" name="net.mooctest.JsonArrayTest" time="0.058" tests="2" errors="0" skipped="0" failures="0">
  <properties>
    <property name="sun.desktop" value="windows"/>
    <property name="awt.toolkit" value="sun.awt.windows.WToolkit"/>
    <property name="file.encoding.pkg" value="sun.io"/>
    <property name="java.specification.version" value="1.8"/>
    <property name="sun.cpu.isalist" value="amd64"/>
    <property name="sun.jnu.encoding" value="GBK"/>
    <property name="java.class.path" value="D:\experiment-data\test-spliting-and-synthesis\cts\round4\Json\Json_07\target\test-classes;D:\experiment-data\test-spliting-and-synthesis\cts\round4\Json\Json_07\target\classes;C:\Users\QRX\.m2\repository\junit\junit\4.13\junit-4.13.jar;C:\Users\QRX\.m2\repository\org\hamcrest\hamcrest-core\1.3\hamcrest-core-1.3.jar;"/>
    <property name="java.vm.vendor" value="Oracle Corporation"/>
    <property name="sun.arch.data.model" value="64"/>
    <property name="user.variant" value=""/>
    <property name="java.vendor.url" value="http://java.oracle.com/"/>
    <property name="user.timezone" value="Asia/Shanghai"/>
    <property name="java.vm.specification.version" value="1.8"/>
    <property name="os.name" value="Windows 10"/>
    <property name="user.country" value="CN"/>
    <property name="sun.java.launcher" value="SUN_STANDARD"/>
    <property name="sun.boot.library.path" value="C:\Program Files\Java\jdk1.8.0_231\jre\bin"/>
    <property name="sun.java.command" value="C:\Users\QRX\AppData\Local\Temp\surefire8585921626136648716\surefirebooter221966182961095831.jar C:\Users\QRX\AppData\Local\Temp\surefire8585921626136648716 2021-03-12T17-49-49_645-jvmRun1 surefire7074044992102411857tmp surefire_01723239514649690214tmp"/>
    <property name="surefire.test.class.path" value="D:\experiment-data\test-spliting-and-synthesis\cts\round4\Json\Json_07\target\test-classes;D:\experiment-data\test-spliting-and-synthesis\cts\round4\Json\Json_07\target\classes;C:\Users\QRX\.m2\repository\junit\junit\4.13\junit-4.13.jar;C:\Users\QRX\.m2\repository\org\hamcrest\hamcrest-core\1.3\hamcrest-core-1.3.jar;"/>
    <property name="sun.cpu.endian" value="little"/>
    <property name="user.home" value="C:\Users\QRX"/>
    <property name="user.language" value="zh"/>
    <property name="java.specification.vendor" value="Oracle Corporation"/>
    <property name="java.home" value="C:\Program Files\Java\jdk1.8.0_231\jre"/>
    <property name="basedir" value="D:\experiment-data\test-spliting-and-synthesis\cts\round4\Json\Json_07"/>
    <property name="file.separator" value="\"/>
    <property name="line.separator" value="&#10;"/>
    <property name="java.vm.specification.vendor" value="Oracle Corporation"/>
    <property name="java.specification.name" value="Java Platform API Specification"/>
    <property name="java.awt.graphicsenv" value="sun.awt.Win32GraphicsEnvironment"/>
    <property name="surefire.real.class.path" value="C:\Users\QRX\AppData\Local\Temp\surefire8585921626136648716\surefirebooter221966182961095831.jar"/>
    <property name="sun.boot.class.path" value="C:\Program Files\Java\jdk1.8.0_231\jre\lib\resources.jar;C:\Program Files\Java\jdk1.8.0_231\jre\lib\rt.jar;C:\Program Files\Java\jdk1.8.0_231\jre\lib\sunrsasign.jar;C:\Program Files\Java\jdk1.8.0_231\jre\lib\jsse.jar;C:\Program Files\Java\jdk1.8.0_231\jre\lib\jce.jar;C:\Program Files\Java\jdk1.8.0_231\jre\lib\charsets.jar;C:\Program Files\Java\jdk1.8.0_231\jre\lib\jfr.jar;C:\Program Files\Java\jdk1.8.0_231\jre\classes"/>
    <property name="user.script" value=""/>
    <property name="sun.management.compiler" value="HotSpot 64-Bit Tiered Compilers"/>
    <property name="java.runtime.version" value="1.8.0_231-b11"/>
    <property name="user.name" value="QRX"/>
    <property name="path.separator" value=";"/>
    <property name="os.version" value="10.0"/>
    <property name="java.endorsed.dirs" value="C:\Program Files\Java\jdk1.8.0_231\jre\lib\endorsed"/>
    <property name="java.runtime.name" value="Java(TM) SE Runtime Environment"/>
    <property name="file.encoding" value="GBK"/>
    <property name="java.vm.name" value="Java HotSpot(TM) 64-Bit Server VM"/>
    <property name="localRepository" value="C:\Users\QRX\.m2\repository"/>
    <property name="java.vendor.url.bug" value="http://bugreport.sun.com/bugreport/"/>
    <property name="java.io.tmpdir" value="C:\Users\QRX\AppData\Local\Temp\"/>
    <property name="java.version" value="1.8.0_231"/>
    <property name="user.dir" value="D:\experiment-data\test-spliting-and-synthesis\cts\round4\Json\Json_07"/>
    <property name="os.arch" value="amd64"/>
    <property name="java.vm.specification.name" value="Java Virtual Machine Specification"/>
    <property name="java.awt.printerjob" value="sun.awt.windows.WPrinterJob"/>
    <property name="sun.os.patch.level" value=""/>
    <property name="java.library.path" value="C:\Program Files\Java\jdk1.8.0_231\jre\bin;C:\WINDOWS\Sun\Java\bin;C:\WINDOWS\system32;C:\WINDOWS;C:\Users\QRX\Anaconda3\lib\site-packages\pywin32_system32;C:\Program Files\Java\jdk1.8.0_231\bin;C:\Program Files\Java\jdk1.8.0_231\jre\bin;C:\ProgramData\Oracle\Java\javapath;C:\Xshell 6\;C:\Program Files (x86)\Intel\Intel(R) Management Engine Components\iCLS\;C:\Program Files\Intel\Intel(R) Management Engine Components\iCLS\;C:\Windows\system32;C:\Windows;C:\Windows\System32\Wbem;C:\Windows\System32\WindowsPowerShell\v1.0\;C:\Windows\System32\OpenSSH\;C:\Program Files (x86)\Intel\Intel(R) Management Engine Components\DAL;C:\Program Files\Intel\Intel(R) Management Engine Components\DAL;C:\Program Files (x86)\Intel\Intel(R) Management Engine Components\IPT;C:\Program Files\Intel\Intel(R) Management Engine Components\IPT;C:\Program Files (x86)\NVIDIA Corporation\PhysX\Common;C:\Program Files\Microsoft SQL Server\130\Tools\Binn\;C:\Users\QRX\Anaconda3;C:\Program Files\Intel\WiFi\bin\;C:\Program Files\Common Files\Intel\WirelessCommon\;C:\Program Files\TortoiseSVN\bin;C:\WINDOWS\system32;C:\WINDOWS;C:\WINDOWS\System32\Wbem;C:\WINDOWS\System32\WindowsPowerShell\v1.0\;C:\WINDOWS\System32\OpenSSH\;C:\Program Files\MiKTeX 2.9\miktex\bin\x64\;C:\nodejs\5.7.0\;C:\Program Files\NVIDIA Corporation\NVIDIA NvDLISR;C:\Program Files\PuTTY\;C:\Program Files\Git\cmd;C:\TDM-GCC-64\bin;C:\sqlite;C:\Users\QRX\Anaconda3;C:\Users\QRX\Anaconda3\Library\mingw-w64\bin;C:\Users\QRX\Anaconda3\Library\usr\bin;C:\Users\QRX\Anaconda3\Library\bin;C:\Users\QRX\Anaconda3\Scripts;C:\Program Files\MySQL\MySQL Shell 8.0\bin\;C:\Program Files\Java\apache-maven-3.6.1\bin;C:\Program Files\Java\gradle\gradle-4.7\bin;C:\Program Files (x86)\Google\Chrome\Application;C:\Chromedriver;C:\geckodriver;C:\IEdriver;C:\PhantomJS\phantomjs-2.1.1-windows\bin;C:\Users\QRX\Microsoft VS Code\bin;C:\Program Files\MySQL\MySQL Server 8.0\bin;C:\Users\QRX\AppData\Local\Microsoft\WindowsApps;C:\nodejs\node_global;C:\Users\QRX\AppData\Roaming\npm;C:\Android-sdk\24.4.1\tools;C:\Android-sdk\24.4.1\platform-tools;C:\Android-sdk\24.4.1\build-tools\29.0.2;C:\Appium\1.4.16.1\node_modules\.bin;C:\graphviz\graphviz-2.38\release\bin;%CHECKER_FRAMEWORK%\checker\dist;C:\Program Files\JetBrains\IntelliJ IDEA 2020.2.3\bin;;C:\Users\QRX\AppData\Local\Programs\MiKTeX\miktex\bin\x64\;;."/>
    <property name="java.vm.info" value="mixed mode"/>
    <property name="java.vendor" value="Oracle Corporation"/>
    <property name="java.vm.version" value="25.231-b11"/>
    <property name="java.ext.dirs" value="C:\Program Files\Java\jdk1.8.0_231\jre\lib\ext;C:\WINDOWS\Sun\Java\lib\ext"/>
    <property name="sun.io.unicode.encoding" value="UnicodeLittle"/>
    <property name="java.class.version" value="52.0"/>
  </properties>
  <testcase name="test12" classname="net.mooctest.JsonArrayTest" time="0.013"/>
  <testcase name="test3" classname="net.mooctest.JsonArrayTest" time="0"/>
</testsuite>